<?xml version="1.0" encoding="UTF-8"?>
<!-- Generated by org.testng.reporters.JUnitReportReporter -->
<testsuite skipped="0" hostname="DS-C101AA553636" name="com.HackathonUITests.TestClass" tests="2" failures="0" timestamp="05 Apr 2018 13:30:34 GMT" time="0.009" errors="0">
  <testcase name="Test2" time="0.002" classname="com.HackathonUITests.TestClass"/>
  <testcase name="Test1" time="0.007" classname="com.HackathonUITests.TestClass"/>
</testsuite> <!-- com.HackathonUITests.TestClass -->
